<?xml version="1.0" encoding="UTF-8"?>
<testng-results ignored="0" total="1" passed="1" failed="0" skipped="0">
  <reporter-output>
  </reporter-output>
  <suite started-at="2023-10-06T09:31:26 IST" name="Default suite" finished-at="2023-10-06T09:31:47 IST" duration-ms="20468">
    <groups>
    </groups>
    <test started-at="2023-10-06T09:31:26 IST" name="Default test" finished-at="2023-10-06T09:31:47 IST" duration-ms="20468">
      <class name="com.vtigerTestcase.Tc_04_OragnizationwithindustryddTest">
        <test-method is-config="true" signature="LunchBrowser()[pri:0, instance:com.vtigerTestcase.Tc_04_OragnizationwithindustryddTest@470734c3]" started-at="2023-10-06T09:31:26 IST" name="LunchBrowser" finished-at="2023-10-06T09:31:32 IST" duration-ms="6271" status="PASS">
          <reporter-output>
          </reporter-output>
        </test-method> <!-- LunchBrowser -->
        <test-method is-config="true" signature="Loginpage()[pri:0, instance:com.vtigerTestcase.Tc_04_OragnizationwithindustryddTest@470734c3]" started-at="2023-10-06T09:31:32 IST" name="Loginpage" finished-at="2023-10-06T09:31:35 IST" duration-ms="2444" status="PASS">
          <reporter-output>
          </reporter-output>
        </test-method> <!-- Loginpage -->
        <test-method signature="instryDD()[pri:0, instance:com.vtigerTestcase.Tc_04_OragnizationwithindustryddTest@470734c3]" started-at="2023-10-06T09:31:35 IST" name="instryDD" finished-at="2023-10-06T09:31:40 IST" duration-ms="5479" status="PASS">
          <reporter-output>
          </reporter-output>
        </test-method> <!-- instryDD -->
        <test-method is-config="true" signature="closebrowser()[pri:0, instance:com.vtigerTestcase.Tc_04_OragnizationwithindustryddTest@470734c3]" started-at="2023-10-06T09:31:40 IST" name="closebrowser" finished-at="2023-10-06T09:31:47 IST" duration-ms="6181" status="PASS">
          <reporter-output>
          </reporter-output>
        </test-method> <!-- closebrowser -->
      </class> <!-- com.vtigerTestcase.Tc_04_OragnizationwithindustryddTest -->
    </test> <!-- Default test -->
  </suite> <!-- Default suite -->
</testng-results>
